<?xml version="1.0" encoding="UTF-8"?>
<!-- Generated by org.testng.reporters.JUnitReportReporter -->
<testsuite hostname="DESKTOP-E1K2OQS" name="MyLearning.WindowHandles" tests="1" failures="0" timestamp="29 Aug 2018 20:15:14 GMT" time="1.832" errors="0">
  <testcase name="GoogleWindow" time="1.832" classname="MyLearning.WindowHandles"/>
</testsuite> <!-- MyLearning.WindowHandles -->
