<?xml version="1.0" encoding="UTF-8"?>
<!-- Generated by org.testng.reporters.JUnitReportReporter -->
<testsuite hostname="DESKTOP-E1K2OQS" name="MyLearning.ExpediaTest" tests="1" failures="0" timestamp="28 Aug 2018 20:27:03 GMT" time="6.658" errors="0">
  <testcase name="CalendarTest" time="6.658" classname="MyLearning.ExpediaTest"/>
</testsuite> <!-- MyLearning.ExpediaTest -->
