<?xml version="1.0" encoding="UTF-8"?>
<!-- Generated by org.testng.reporters.JUnitReportReporter -->
<testsuite hostname="DESKTOP-E1K2OQS" name="MyLearning.TablesTest" tests="1" failures="0" timestamp="28 Aug 2018 20:36:49 GMT" time="3.795" errors="0">
  <testcase name="CountNoRuns" time="3.795" classname="MyLearning.TablesTest"/>
</testsuite> <!-- MyLearning.TablesTest -->
