<?xml version="1.0" encoding="UTF-8"?>
<!-- Generated by org.testng.reporters.JUnitReportReporter -->
<testsuite hostname="DESKTOP-E1K2OQS" name="MyLearning.CapitalEnterTest" tests="1" failures="0" timestamp="5 Sep 2018 03:28:21 GMT" time="1.065" errors="0">
  <testcase name="EnterinCapital" time="1.065" classname="MyLearning.CapitalEnterTest"/>
</testsuite> <!-- MyLearning.CapitalEnterTest -->
