<?xml version="1.0" encoding="UTF-8"?>
<!-- Generated by org.testng.reporters.JUnitReportReporter -->
<testsuite hostname="DESKTOP-E1K2OQS" name="MyLearning.MakemyTripTest" tests="1" failures="0" timestamp="27 Feb 2018 03:37:04 GMT" time="4.182" errors="0">
  <testcase name="CalendarTest" time="4.182" classname="MyLearning.MakemyTripTest"/>
</testsuite> <!-- MyLearning.MakemyTripTest -->
