<?xml version="1.0" encoding="UTF-8"?>
<!-- Generated by org.testng.reporters.JUnitReportReporter -->
<testsuite hostname="DESKTOP-E1K2OQS" name="MyLearning.LoginTest" tests="1" failures="0" timestamp="28 Aug 2018 20:34:37 GMT" time="9.238" errors="0">
  <testcase name="LoginVerify" time="9.238" classname="MyLearning.LoginTest"/>
</testsuite> <!-- MyLearning.LoginTest -->
