<?xml version="1.0" encoding="UTF-8"?>
<!-- Generated by org.testng.reporters.JUnitReportReporter -->
<testsuite hostname="DESKTOP-E1K2OQS" name="MyLearning.AmazonHomeTest" tests="1" failures="0" timestamp="5 Sep 2018 03:27:58 GMT" time="14.129" errors="0">
  <testcase name="EnterSearchItem" time="14.129" classname="MyLearning.AmazonHomeTest"/>
</testsuite> <!-- MyLearning.AmazonHomeTest -->
