<?xml version="1.0" encoding="UTF-8"?>
<!-- Generated by org.testng.reporters.JUnitReportReporter -->
<testsuite hostname="DESKTOP-E1K2OQS" name="MyLearning.EbayLinksTest" tests="1" failures="0" timestamp="5 Sep 2018 03:28:40 GMT" time="2.471" errors="0">
  <testcase name="CountLinks" time="2.471" classname="MyLearning.EbayLinksTest"/>
</testsuite> <!-- MyLearning.EbayLinksTest -->
